project_2/bmi_calculator_praktikum_m/build/app/outputs/mapping/release/usage.txt
kotlin.SinceKotlin
io.flutter.view.FlutterView$Provider
kotlin.TuplesKt
org.jetbrains.annotations.NonNls
kotlin.text.FlagEnum
androidx.core.content.SharedPreferencesCompat$EditorCompat$Helper
androidx.core.view.inputmethod.InputConnectionCompat$2
kotlin.coroutines.SafeContinuation
androidx.core.view.DragStartHelper$1
androidx.core.view.accessibility.AccessibilityManagerCompat$AccessibilityStateChangeListenerWrapper
io.flutter.embedding.engine.systemchannels.LocalizationChannel:
    private static final java.lang.String TAG
androidx.core.app.JobIntentService$WorkEnqueuer
kotlin.sequences.SequencesKt__SequenceBuilderKt
io.flutter.embedding.engine.systemchannels.AccessibilityChannel:
    private static final java.lang.String TAG
kotlin.io.FileSystemException
io.flutter.embedding.android.AndroidTouchProcessor$PointerChange
androidx.core.hardware.fingerprint.FingerprintManagerCompat$AuthenticationResult
kotlin.jvm.internal.ByteCompanionObject
kotlin.time.AbstractLongClock$LongClockMark
androidx.lifecycle.LifecycleRegistryOwner
kotlin.reflect.KParameter$Kind
androidx.fragment.app.Fragment$SavedState
kotlin.random.PlatformRandomKt
kotlin.text.TypeAliasesKt
kotlin.text.RegexKt$fromInt$$inlined$apply$lambda$1
androidx.core.app.NotificationCompat$InboxStyle
androidx.core.widget.TintableImageSourceView
kotlin.time.MonoClock
kotlin.io.FileTreeWalk$FileTreeWalkIterator$BottomUpDirectoryState
kotlin.DslMarker
androidx.core.app.FrameMetricsAggregator$FrameMetricsApi24Impl
kotlin.sequences.SequencesKt__SequencesJVMKt
androidx.customview.widget.FocusStrategy
androidx.fragment.app.Fragment$4
io.flutter.embedding.android.AndroidTouchProcessor:
    private static final int POINTER_DATA_FIELD_COUNT
    private static final int BYTES_PER_FIELD
    private static final int POINTER_DATA_FLAG_BATCHED
    private static final int _POINTER_BUTTON_PRIMARY
androidx.core.util.Preconditions
kotlin.coroutines.experimental.SequenceBuilderKt__SequenceBuilderKt$buildSequence$$inlined$Sequence$1
androidx.core.provider.FontsContractCompat$FontFamilyResult
kotlin.Deprecated
androidx.core.widget.CompoundButtonCompat
io.flutter.plugin.platform.PlatformViewFactory:
    public void <init>(io.flutter.plugin.common.MessageCodec)
kotlin.internal.HidesMembers
androidx.core.R$style
androidx.core.text.TextUtilsCompat
io.flutter.embedding.engine.FlutterEngineConnectionRegistry$FlutterEngineBroadcastReceiverPluginBinding
androidx.core.app.NotificationCompat$Action$WearableExtender
androidx.viewpager.R$styleable
io.flutter.embedding.engine.loader.FlutterLoader:
    public static io.flutter.embedding.engine.loader.FlutterLoader getInstance()
    private java.lang.String fullAssetPathFrom(java.lang.String)
    public void ensureInitializationCompleteAsync(android.content.Context,java.lang.String[],android.os.Handler,java.lang.Runnable)
    public boolean initialized()
    public java.lang.String getLookupKeyForAsset(java.lang.String)
    public java.lang.String getLookupKeyForAsset(java.lang.String,java.lang.String)
    private static final java.lang.String TAG
    private static final java.lang.String OLD_GEN_HEAP_SIZE_META_DATA_KEY
    private static final java.lang.String ENABLE_SKPARAGRAPH_META_DATA_KEY
    static final java.lang.String AOT_SHARED_LIBRARY_NAME
    static final java.lang.String SNAPSHOT_ASSET_PATH_KEY
    static final java.lang.String VM_SNAPSHOT_DATA_KEY
    static final java.lang.String ISOLATE_SNAPSHOT_DATA_KEY
    static final java.lang.String FLUTTER_ASSETS_DIR_KEY
    static final java.lang.String AUTOMATICALLY_REGISTER_PLUGINS_KEY
    private static final java.lang.String DEFAULT_LIBRARY
    private static final java.lang.String DEFAULT_KERNEL_BLOB
    private static io.flutter.embedding.engine.loader.FlutterLoader instance
kotlin.collections.UCollectionsKt___UCollectionsKt
android.support.v4.os.ResultReceiver$MyRunnable
androidx.core.app.JobIntentService$CompatWorkEnqueuer
kotlin.collections.CollectionsKt___CollectionsJvmKt
androidx.activity.R$dimen